2026-04-17 22:49:30,252{GMT}	INFO	[jepsen test runner] jepsen.core: Test version 59a64946b51397e53c254d0eb2488e01e87d3af2 (plus uncommitted changes)
2026-04-17 22:49:30,253{GMT}	INFO	[jepsen test runner] jepsen.core: Command line:
lein run test -w echo --bin /home/neo/go/bin/maelstrom-echo --node-count 1 --time-limit 10
2026-04-17 22:49:30,288{GMT}	INFO	[jepsen test runner] jepsen.core: Running test:
{:args []
 :remote
 #jepsen.control.retry.Remote{:remote #jepsen.control.scp.Remote{:cmd-remote #jepsen.control.sshj.SSHJRemote{:concurrency-limit 6,
                                                                                                             :conn-spec nil,
                                                                                                             :client nil,
                                                                                                             :semaphore nil},
                                                                 :conn-spec nil},
                              :conn nil}
 :log-net-send false
 :node-count 1
 :availability nil
 :max-txn-length 4
 :concurrency 1
 :db
 #object[maelstrom.db$db$reify__16142
         "0x292237cd"
         "maelstrom.db$db$reify__16142@292237cd"]
 :max-writes-per-key 16
 :leave-db-running? false
 :name "echo"
 :logging-json? false
 :start-time
 #object[org.joda.time.DateTime "0x5827908c" "2026-04-17T22:49:30.201-07:00"]
 :nemesis-interval 10
 :net
 #object[maelstrom.net$jepsen_net$reify__15251
         "0x732ffb6a"
         "maelstrom.net$jepsen_net$reify__15251@732ffb6a"]
 :client
 #object[maelstrom.workload.echo$client$reify__16863
         "0x5ed83e36"
         "maelstrom.workload.echo$client$reify__16863@5ed83e36"]
 :barrier
 #object[java.util.concurrent.CyclicBarrier
         "0x2459715c"
         "java.util.concurrent.CyclicBarrier@2459715c"]
 :log-stderr false
 :pure-generators true
 :ssh {:dummy? true}
 :rate 5
 :checker
 #object[jepsen.checker$compose$reify__11881
         "0x401e36ab"
         "jepsen.checker$compose$reify__11881@401e36ab"]
 :argv
 ("test"
  "-w"
  "echo"
  "--bin"
  "/home/neo/go/bin/maelstrom-echo"
  "--node-count"
  "1"
  "--time-limit"
  "10")
 :nemesis
 (jepsen.nemesis.ReflCompose
  {:fm {:start-partition 0,
        :stop-partition 0,
        :kill 1,
        :start 1,
        :pause 1,
        :resume 1},
   :nemeses [#unprintable "jepsen.nemesis.combined$partition_nemesis$reify__16416@4ce66169"
             #unprintable "jepsen.nemesis.combined$db_nemesis$reify__16397@53d0cf4d"]})
 :nodes ["n0"]
 :test-count 1
 :latency {:mean 0, :dist :constant}
 :bin "/home/neo/go/bin/maelstrom-echo"
 :generator
 (jepsen.generator.TimeLimit
  {:limit 10000000000,
   :cutoff nil,
   :gen (jepsen.generator.Any
         {:gens [(jepsen.generator.OnThreads
                  {:f #{:nemesis},
                   :context-filter #object[jepsen.generator.context$make_thread_filter$lazy_filter__9167
                                           "0x405a296e"
                                           "jepsen.generator.context$make_thread_filter$lazy_filter__9167@405a296e"],
                   :gen nil})
                 (jepsen.generator.OnThreads
                  {:f #jepsen.generator.context.AllBut{:element :nemesis},
                   :context-filter #object[jepsen.generator.context$make_thread_filter$lazy_filter__9167
                                           "0x77198cce"
                                           "jepsen.generator.context$make_thread_filter$lazy_filter__9167@77198cce"],
                   :gen (jepsen.generator.Stagger
                         {:dt 400000000,
                          :next-time nil,
                          :gen (jepsen.generator.EachThread
                                {:fresh-gen #object[maelstrom.workload.echo$workload$fn__16882
                                                    "0xe7b7395"
                                                    "maelstrom.workload.echo$workload$fn__16882@e7b7395"],
                                 :context-filters #object[clojure.core$promise$reify__8591
                                                          "0x383c94ed"
                                                          {:status :pending,
                                                           :val nil}],
                                 :gens {}})})})]})})
 :log-net-recv false
 :os
 #object[maelstrom.net$jepsen_os$reify__15254
         "0x293ccbdd"
         "maelstrom.net$jepsen_os$reify__15254@293ccbdd"]
 :time-limit 10
 :workload :echo
 :consistency-models [:strict-serializable]
 :topology :grid}

2026-04-17 22:49:31,550{GMT}	INFO	[jepsen node n0] maelstrom.net: Starting Maelstrom network
2026-04-17 22:49:31,551{GMT}	INFO	[jepsen test runner] jepsen.db: Tearing down DB
2026-04-17 22:49:31,552{GMT}	INFO	[jepsen test runner] jepsen.db: Setting up DB
2026-04-17 22:49:31,553{GMT}	INFO	[jepsen node n0] maelstrom.service: Starting services: (lin-kv lin-tso lww-kv seq-kv)
2026-04-17 22:49:31,554{GMT}	INFO	[jepsen node n0] maelstrom.db: Setting up n0
2026-04-17 22:49:31,555{GMT}	INFO	[jepsen node n0] maelstrom.process: launching /home/neo/go/bin/maelstrom-echo []
2026-04-17 22:49:31,588{GMT}	INFO	[jepsen test runner] jepsen.core: Relative time begins now
2026-04-17 22:49:31,599{GMT}	INFO	[jepsen worker 0] jepsen.util: 0	:invoke	:echo	"Please echo 88"
2026-04-17 22:49:31,603{GMT}	INFO	[jepsen worker 0] jepsen.util: 0	:ok	:echo	{:echo "Please echo 88", :in_reply_to 1, :msg_id 1, :type "echo_ok"}
2026-04-17 22:49:31,675{GMT}	INFO	[jepsen worker 0] jepsen.util: 0	:invoke	:echo	"Please echo 106"
2026-04-17 22:49:31,677{GMT}	INFO	[jepsen worker 0] jepsen.util: 0	:ok	:echo	{:echo "Please echo 106", :in_reply_to 2, :msg_id 2, :type "echo_ok"}
2026-04-17 22:49:31,818{GMT}	INFO	[jepsen worker 0] jepsen.util: 0	:invoke	:echo	"Please echo 50"
2026-04-17 22:49:31,821{GMT}	INFO	[jepsen worker 0] jepsen.util: 0	:ok	:echo	{:echo "Please echo 50", :in_reply_to 3, :msg_id 3, :type "echo_ok"}
2026-04-17 22:49:31,971{GMT}	INFO	[jepsen worker 0] jepsen.util: 0	:invoke	:echo	"Please echo 100"
2026-04-17 22:49:31,973{GMT}	INFO	[jepsen worker 0] jepsen.util: 0	:ok	:echo	{:echo "Please echo 100", :in_reply_to 4, :msg_id 4, :type "echo_ok"}
2026-04-17 22:49:32,087{GMT}	INFO	[jepsen worker 0] jepsen.util: 0	:invoke	:echo	"Please echo 97"
2026-04-17 22:49:32,089{GMT}	INFO	[jepsen worker 0] jepsen.util: 0	:ok	:echo	{:echo "Please echo 97", :in_reply_to 5, :msg_id 5, :type "echo_ok"}
2026-04-17 22:49:32,223{GMT}	INFO	[jepsen worker 0] jepsen.util: 0	:invoke	:echo	"Please echo 84"
2026-04-17 22:49:32,226{GMT}	INFO	[jepsen worker 0] jepsen.util: 0	:ok	:echo	{:echo "Please echo 84", :in_reply_to 6, :msg_id 6, :type "echo_ok"}
2026-04-17 22:49:32,411{GMT}	INFO	[jepsen worker 0] jepsen.util: 0	:invoke	:echo	"Please echo 92"
2026-04-17 22:49:32,413{GMT}	INFO	[jepsen worker 0] jepsen.util: 0	:ok	:echo	{:echo "Please echo 92", :in_reply_to 7, :msg_id 7, :type "echo_ok"}
2026-04-17 22:49:32,484{GMT}	INFO	[jepsen worker 0] jepsen.util: 0	:invoke	:echo	"Please echo 8"
2026-04-17 22:49:32,486{GMT}	INFO	[jepsen worker 0] jepsen.util: 0	:ok	:echo	{:echo "Please echo 8", :in_reply_to 8, :msg_id 8, :type "echo_ok"}
2026-04-17 22:49:32,625{GMT}	INFO	[jepsen worker 0] jepsen.util: 0	:invoke	:echo	"Please echo 92"
2026-04-17 22:49:32,627{GMT}	INFO	[jepsen worker 0] jepsen.util: 0	:ok	:echo	{:echo "Please echo 92", :in_reply_to 9, :msg_id 9, :type "echo_ok"}
2026-04-17 22:49:32,930{GMT}	INFO	[jepsen worker 0] jepsen.util: 0	:invoke	:echo	"Please echo 17"
2026-04-17 22:49:32,932{GMT}	INFO	[jepsen worker 0] jepsen.util: 0	:ok	:echo	{:echo "Please echo 17", :in_reply_to 10, :msg_id 10, :type "echo_ok"}
2026-04-17 22:49:32,978{GMT}	INFO	[jepsen worker 0] jepsen.util: 0	:invoke	:echo	"Please echo 6"
2026-04-17 22:49:32,980{GMT}	INFO	[jepsen worker 0] jepsen.util: 0	:ok	:echo	{:echo "Please echo 6", :in_reply_to 11, :msg_id 11, :type "echo_ok"}
2026-04-17 22:49:33,225{GMT}	INFO	[jepsen worker 0] jepsen.util: 0	:invoke	:echo	"Please echo 51"
2026-04-17 22:49:33,228{GMT}	INFO	[jepsen worker 0] jepsen.util: 0	:ok	:echo	{:echo "Please echo 51", :in_reply_to 12, :msg_id 12, :type "echo_ok"}
2026-04-17 22:49:33,350{GMT}	INFO	[jepsen worker 0] jepsen.util: 0	:invoke	:echo	"Please echo 76"
2026-04-17 22:49:33,353{GMT}	INFO	[jepsen worker 0] jepsen.util: 0	:ok	:echo	{:echo "Please echo 76", :in_reply_to 13, :msg_id 13, :type "echo_ok"}
2026-04-17 22:49:33,571{GMT}	INFO	[jepsen worker 0] jepsen.util: 0	:invoke	:echo	"Please echo 16"
2026-04-17 22:49:33,573{GMT}	INFO	[jepsen worker 0] jepsen.util: 0	:ok	:echo	{:echo "Please echo 16", :in_reply_to 14, :msg_id 14, :type "echo_ok"}
2026-04-17 22:49:33,892{GMT}	INFO	[jepsen worker 0] jepsen.util: 0	:invoke	:echo	"Please echo 121"
2026-04-17 22:49:33,895{GMT}	INFO	[jepsen worker 0] jepsen.util: 0	:ok	:echo	{:echo "Please echo 121", :in_reply_to 15, :msg_id 15, :type "echo_ok"}
2026-04-17 22:49:34,020{GMT}	INFO	[jepsen worker 0] jepsen.util: 0	:invoke	:echo	"Please echo 47"
2026-04-17 22:49:34,022{GMT}	INFO	[jepsen worker 0] jepsen.util: 0	:ok	:echo	{:echo "Please echo 47", :in_reply_to 16, :msg_id 16, :type "echo_ok"}
2026-04-17 22:49:34,302{GMT}	INFO	[jepsen worker 0] jepsen.util: 0	:invoke	:echo	"Please echo 118"
2026-04-17 22:49:34,304{GMT}	INFO	[jepsen worker 0] jepsen.util: 0	:ok	:echo	{:echo "Please echo 118", :in_reply_to 17, :msg_id 17, :type "echo_ok"}
2026-04-17 22:49:34,656{GMT}	INFO	[jepsen worker 0] jepsen.util: 0	:invoke	:echo	"Please echo 84"
2026-04-17 22:49:34,658{GMT}	INFO	[jepsen worker 0] jepsen.util: 0	:ok	:echo	{:echo "Please echo 84", :in_reply_to 18, :msg_id 18, :type "echo_ok"}
2026-04-17 22:49:34,976{GMT}	INFO	[jepsen worker 0] jepsen.util: 0	:invoke	:echo	"Please echo 8"
2026-04-17 22:49:34,978{GMT}	INFO	[jepsen worker 0] jepsen.util: 0	:ok	:echo	{:echo "Please echo 8", :in_reply_to 19, :msg_id 19, :type "echo_ok"}
2026-04-17 22:49:35,320{GMT}	INFO	[jepsen worker 0] jepsen.util: 0	:invoke	:echo	"Please echo 126"
2026-04-17 22:49:35,323{GMT}	INFO	[jepsen worker 0] jepsen.util: 0	:ok	:echo	{:echo "Please echo 126", :in_reply_to 20, :msg_id 20, :type "echo_ok"}
2026-04-17 22:49:35,621{GMT}	INFO	[jepsen worker 0] jepsen.util: 0	:invoke	:echo	"Please echo 115"
2026-04-17 22:49:35,623{GMT}	INFO	[jepsen worker 0] jepsen.util: 0	:ok	:echo	{:echo "Please echo 115", :in_reply_to 21, :msg_id 21, :type "echo_ok"}
2026-04-17 22:49:35,692{GMT}	INFO	[jepsen worker 0] jepsen.util: 0	:invoke	:echo	"Please echo 73"
2026-04-17 22:49:35,694{GMT}	INFO	[jepsen worker 0] jepsen.util: 0	:ok	:echo	{:echo "Please echo 73", :in_reply_to 22, :msg_id 22, :type "echo_ok"}
2026-04-17 22:49:35,955{GMT}	INFO	[jepsen worker 0] jepsen.util: 0	:invoke	:echo	"Please echo 22"
2026-04-17 22:49:35,957{GMT}	INFO	[jepsen worker 0] jepsen.util: 0	:ok	:echo	{:echo "Please echo 22", :in_reply_to 23, :msg_id 23, :type "echo_ok"}
2026-04-17 22:49:36,198{GMT}	INFO	[jepsen worker 0] jepsen.util: 0	:invoke	:echo	"Please echo 33"
2026-04-17 22:49:36,201{GMT}	INFO	[jepsen worker 0] jepsen.util: 0	:ok	:echo	{:echo "Please echo 33", :in_reply_to 24, :msg_id 24, :type "echo_ok"}
2026-04-17 22:49:36,492{GMT}	INFO	[jepsen worker 0] jepsen.util: 0	:invoke	:echo	"Please echo 47"
2026-04-17 22:49:36,494{GMT}	INFO	[jepsen worker 0] jepsen.util: 0	:ok	:echo	{:echo "Please echo 47", :in_reply_to 25, :msg_id 25, :type "echo_ok"}
2026-04-17 22:49:36,742{GMT}	INFO	[jepsen worker 0] jepsen.util: 0	:invoke	:echo	"Please echo 38"
2026-04-17 22:49:36,744{GMT}	INFO	[jepsen worker 0] jepsen.util: 0	:ok	:echo	{:echo "Please echo 38", :in_reply_to 26, :msg_id 26, :type "echo_ok"}
2026-04-17 22:49:36,989{GMT}	INFO	[jepsen worker 0] jepsen.util: 0	:invoke	:echo	"Please echo 29"
2026-04-17 22:49:36,992{GMT}	INFO	[jepsen worker 0] jepsen.util: 0	:ok	:echo	{:echo "Please echo 29", :in_reply_to 27, :msg_id 27, :type "echo_ok"}
2026-04-17 22:49:37,042{GMT}	INFO	[jepsen worker 0] jepsen.util: 0	:invoke	:echo	"Please echo 94"
2026-04-17 22:49:37,044{GMT}	INFO	[jepsen worker 0] jepsen.util: 0	:ok	:echo	{:echo "Please echo 94", :in_reply_to 28, :msg_id 28, :type "echo_ok"}
2026-04-17 22:49:37,182{GMT}	INFO	[jepsen worker 0] jepsen.util: 0	:invoke	:echo	"Please echo 127"
2026-04-17 22:49:37,184{GMT}	INFO	[jepsen worker 0] jepsen.util: 0	:ok	:echo	{:echo "Please echo 127", :in_reply_to 29, :msg_id 29, :type "echo_ok"}
2026-04-17 22:49:37,500{GMT}	INFO	[jepsen worker 0] jepsen.util: 0	:invoke	:echo	"Please echo 18"
2026-04-17 22:49:37,502{GMT}	INFO	[jepsen worker 0] jepsen.util: 0	:ok	:echo	{:echo "Please echo 18", :in_reply_to 30, :msg_id 30, :type "echo_ok"}
2026-04-17 22:49:37,665{GMT}	INFO	[jepsen worker 0] jepsen.util: 0	:invoke	:echo	"Please echo 63"
2026-04-17 22:49:37,668{GMT}	INFO	[jepsen worker 0] jepsen.util: 0	:ok	:echo	{:echo "Please echo 63", :in_reply_to 31, :msg_id 31, :type "echo_ok"}
2026-04-17 22:49:37,819{GMT}	INFO	[jepsen worker 0] jepsen.util: 0	:invoke	:echo	"Please echo 9"
2026-04-17 22:49:37,822{GMT}	INFO	[jepsen worker 0] jepsen.util: 0	:ok	:echo	{:echo "Please echo 9", :in_reply_to 32, :msg_id 32, :type "echo_ok"}
2026-04-17 22:49:37,843{GMT}	INFO	[jepsen worker 0] jepsen.util: 0	:invoke	:echo	"Please echo 9"
2026-04-17 22:49:37,846{GMT}	INFO	[jepsen worker 0] jepsen.util: 0	:ok	:echo	{:echo "Please echo 9", :in_reply_to 33, :msg_id 33, :type "echo_ok"}
2026-04-17 22:49:38,236{GMT}	INFO	[jepsen worker 0] jepsen.util: 0	:invoke	:echo	"Please echo 0"
2026-04-17 22:49:38,238{GMT}	INFO	[jepsen worker 0] jepsen.util: 0	:ok	:echo	{:echo "Please echo 0", :in_reply_to 34, :msg_id 34, :type "echo_ok"}
2026-04-17 22:49:38,630{GMT}	INFO	[jepsen worker 0] jepsen.util: 0	:invoke	:echo	"Please echo 92"
2026-04-17 22:49:38,632{GMT}	INFO	[jepsen worker 0] jepsen.util: 0	:ok	:echo	{:echo "Please echo 92", :in_reply_to 35, :msg_id 35, :type "echo_ok"}
2026-04-17 22:49:38,652{GMT}	INFO	[jepsen worker 0] jepsen.util: 0	:invoke	:echo	"Please echo 11"
2026-04-17 22:49:38,654{GMT}	INFO	[jepsen worker 0] jepsen.util: 0	:ok	:echo	{:echo "Please echo 11", :in_reply_to 36, :msg_id 36, :type "echo_ok"}
2026-04-17 22:49:38,925{GMT}	INFO	[jepsen worker 0] jepsen.util: 0	:invoke	:echo	"Please echo 82"
2026-04-17 22:49:38,928{GMT}	INFO	[jepsen worker 0] jepsen.util: 0	:ok	:echo	{:echo "Please echo 82", :in_reply_to 37, :msg_id 37, :type "echo_ok"}
2026-04-17 22:49:39,110{GMT}	INFO	[jepsen worker 0] jepsen.util: 0	:invoke	:echo	"Please echo 53"
2026-04-17 22:49:39,112{GMT}	INFO	[jepsen worker 0] jepsen.util: 0	:ok	:echo	{:echo "Please echo 53", :in_reply_to 38, :msg_id 38, :type "echo_ok"}
2026-04-17 22:49:39,137{GMT}	INFO	[jepsen worker 0] jepsen.util: 0	:invoke	:echo	"Please echo 86"
2026-04-17 22:49:39,138{GMT}	INFO	[jepsen worker 0] jepsen.util: 0	:ok	:echo	{:echo "Please echo 86", :in_reply_to 39, :msg_id 39, :type "echo_ok"}
2026-04-17 22:49:39,444{GMT}	INFO	[jepsen worker 0] jepsen.util: 0	:invoke	:echo	"Please echo 116"
2026-04-17 22:49:39,446{GMT}	INFO	[jepsen worker 0] jepsen.util: 0	:ok	:echo	{:echo "Please echo 116", :in_reply_to 40, :msg_id 40, :type "echo_ok"}
2026-04-17 22:49:39,730{GMT}	INFO	[jepsen worker 0] jepsen.util: 0	:invoke	:echo	"Please echo 112"
2026-04-17 22:49:39,732{GMT}	INFO	[jepsen worker 0] jepsen.util: 0	:ok	:echo	{:echo "Please echo 112", :in_reply_to 41, :msg_id 41, :type "echo_ok"}
2026-04-17 22:49:40,099{GMT}	INFO	[jepsen worker 0] jepsen.util: 0	:invoke	:echo	"Please echo 41"
2026-04-17 22:49:40,101{GMT}	INFO	[jepsen worker 0] jepsen.util: 0	:ok	:echo	{:echo "Please echo 41", :in_reply_to 42, :msg_id 42, :type "echo_ok"}
2026-04-17 22:49:40,375{GMT}	INFO	[jepsen worker 0] jepsen.util: 0	:invoke	:echo	"Please echo 92"
2026-04-17 22:49:40,377{GMT}	INFO	[jepsen worker 0] jepsen.util: 0	:ok	:echo	{:echo "Please echo 92", :in_reply_to 43, :msg_id 43, :type "echo_ok"}
2026-04-17 22:49:40,422{GMT}	INFO	[jepsen worker 0] jepsen.util: 0	:invoke	:echo	"Please echo 27"
2026-04-17 22:49:40,424{GMT}	INFO	[jepsen worker 0] jepsen.util: 0	:ok	:echo	{:echo "Please echo 27", :in_reply_to 44, :msg_id 44, :type "echo_ok"}
2026-04-17 22:49:40,478{GMT}	INFO	[jepsen worker 0] jepsen.util: 0	:invoke	:echo	"Please echo 6"
2026-04-17 22:49:40,480{GMT}	INFO	[jepsen worker 0] jepsen.util: 0	:ok	:echo	{:echo "Please echo 6", :in_reply_to 45, :msg_id 45, :type "echo_ok"}
2026-04-17 22:49:40,725{GMT}	INFO	[jepsen worker 0] jepsen.util: 0	:invoke	:echo	"Please echo 127"
2026-04-17 22:49:40,727{GMT}	INFO	[jepsen worker 0] jepsen.util: 0	:ok	:echo	{:echo "Please echo 127", :in_reply_to 46, :msg_id 46, :type "echo_ok"}
2026-04-17 22:49:40,727{GMT}	INFO	[jepsen worker 0] jepsen.util: 0	:invoke	:echo	"Please echo 7"
2026-04-17 22:49:40,728{GMT}	INFO	[jepsen worker 0] jepsen.util: 0	:ok	:echo	{:echo "Please echo 7", :in_reply_to 47, :msg_id 47, :type "echo_ok"}
2026-04-17 22:49:40,740{GMT}	INFO	[jepsen worker 0] jepsen.util: 0	:invoke	:echo	"Please echo 58"
2026-04-17 22:49:40,741{GMT}	INFO	[jepsen worker 0] jepsen.util: 0	:ok	:echo	{:echo "Please echo 58", :in_reply_to 48, :msg_id 48, :type "echo_ok"}
2026-04-17 22:49:41,024{GMT}	INFO	[jepsen worker 0] jepsen.util: 0	:invoke	:echo	"Please echo 41"
2026-04-17 22:49:41,025{GMT}	INFO	[jepsen worker 0] jepsen.util: 0	:ok	:echo	{:echo "Please echo 41", :in_reply_to 49, :msg_id 49, :type "echo_ok"}
2026-04-17 22:49:41,305{GMT}	INFO	[jepsen worker 0] jepsen.util: 0	:invoke	:echo	"Please echo 113"
2026-04-17 22:49:41,306{GMT}	INFO	[jepsen worker 0] jepsen.util: 0	:ok	:echo	{:echo "Please echo 113", :in_reply_to 50, :msg_id 50, :type "echo_ok"}
2026-04-17 22:49:41,465{GMT}	INFO	[jepsen worker 0] jepsen.util: 0	:invoke	:echo	"Please echo 61"
2026-04-17 22:49:41,467{GMT}	INFO	[jepsen worker 0] jepsen.util: 0	:ok	:echo	{:echo "Please echo 61", :in_reply_to 51, :msg_id 51, :type "echo_ok"}
2026-04-17 22:49:41,479{GMT}	INFO	[jepsen test runner] jepsen.core: Run complete, writing
2026-04-17 22:49:41,516{GMT}	INFO	[jepsen node n0] maelstrom.db: Tearing down n0
2026-04-17 22:49:42,560{GMT}	INFO	[jepsen node n0] maelstrom.net: Shutting down Maelstrom network
2026-04-17 22:49:42,560{GMT}	INFO	[jepsen test runner] jepsen.core: Analyzing...
2026-04-17 22:49:42,786{GMT}	INFO	[jepsen test runner] jepsen.core: Analysis complete
2026-04-17 22:49:42,794{GMT}	INFO	[jepsen results] jepsen.store: Wrote /home/neo/dev/gossip-glomers/maelstrom-echo/store/echo/20260417T224930.201-0700/results.edn
2026-04-17 22:49:42,804{GMT}	INFO	[jepsen test runner] jepsen.core: {:perf {:latency-graph {:valid? true},
        :rate-graph {:valid? true},
        :valid? true},
 :timeline {:valid? true},
 :exceptions {:valid? true},
 :stats {:valid? true,
         :count 51,
         :ok-count 51,
         :fail-count 0,
         :info-count 0,
         :by-f {:echo {:valid? true,
                       :count 51,
                       :ok-count 51,
                       :fail-count 0,
                       :info-count 0}}},
 :availability {:valid? true, :ok-fraction 1.0},
 :net {:all {:send-count 104,
             :recv-count 104,
             :msg-count 104,
             :msgs-per-op 2.0392158},
       :clients {:send-count 104, :recv-count 104, :msg-count 104},
       :servers {:send-count 0,
                 :recv-count 0,
                 :msg-count 0,
                 :msgs-per-op 0.0},
       :valid? true},
 :workload {:valid? true, :errors ()},
 :valid? true}


Everything looks good! ヽ(‘ー`)ノ
