2026-04-17 22:47:07,422{GMT}	INFO	[jepsen test runner] jepsen.core: Test version 59a64946b51397e53c254d0eb2488e01e87d3af2 (plus uncommitted changes)
2026-04-17 22:47:07,422{GMT}	INFO	[jepsen test runner] jepsen.core: Command line:
lein run test -w echo --bin /home/neo/go/bin/maelstrom-echo --node-count 1 --time-limit 10
2026-04-17 22:47:07,459{GMT}	INFO	[jepsen test runner] jepsen.core: Running test:
{:args []
 :remote
 #jepsen.control.retry.Remote{:remote #jepsen.control.scp.Remote{:cmd-remote #jepsen.control.sshj.SSHJRemote{:concurrency-limit 6,
                                                                                                             :conn-spec nil,
                                                                                                             :client nil,
                                                                                                             :semaphore nil},
                                                                 :conn-spec nil},
                              :conn nil}
 :log-net-send false
 :node-count 1
 :availability nil
 :max-txn-length 4
 :concurrency 1
 :db
 #object[maelstrom.db$db$reify__16142
         "0x797a5b31"
         "maelstrom.db$db$reify__16142@797a5b31"]
 :max-writes-per-key 16
 :leave-db-running? false
 :name "echo"
 :logging-json? false
 :start-time
 #object[org.joda.time.DateTime "0x732ffb6a" "2026-04-17T22:47:07.370-07:00"]
 :nemesis-interval 10
 :net
 #object[maelstrom.net$jepsen_net$reify__15251
         "0x5ed83e36"
         "maelstrom.net$jepsen_net$reify__15251@5ed83e36"]
 :client
 #object[maelstrom.workload.echo$client$reify__16863
         "0x2459715c"
         "maelstrom.workload.echo$client$reify__16863@2459715c"]
 :barrier
 #object[java.util.concurrent.CyclicBarrier
         "0x401e36ab"
         "java.util.concurrent.CyclicBarrier@401e36ab"]
 :log-stderr false
 :pure-generators true
 :ssh {:dummy? true}
 :rate 5
 :checker
 #object[jepsen.checker$compose$reify__11881
         "0x4ce66169"
         "jepsen.checker$compose$reify__11881@4ce66169"]
 :argv
 ("test"
  "-w"
  "echo"
  "--bin"
  "/home/neo/go/bin/maelstrom-echo"
  "--node-count"
  "1"
  "--time-limit"
  "10")
 :nemesis
 (jepsen.nemesis.ReflCompose
  {:fm {:start-partition 0,
        :stop-partition 0,
        :kill 1,
        :start 1,
        :pause 1,
        :resume 1},
   :nemeses [#unprintable "jepsen.nemesis.combined$partition_nemesis$reify__16416@53d0cf4d"
             #unprintable "jepsen.nemesis.combined$db_nemesis$reify__16397@3c6c87fa"]})
 :nodes ["n0"]
 :test-count 1
 :latency {:mean 0, :dist :constant}
 :bin "/home/neo/go/bin/maelstrom-echo"
 :generator
 (jepsen.generator.TimeLimit
  {:limit 10000000000,
   :cutoff nil,
   :gen (jepsen.generator.Any
         {:gens [(jepsen.generator.OnThreads
                  {:f #{:nemesis},
                   :context-filter #object[jepsen.generator.context$make_thread_filter$lazy_filter__9167
                                           "0x77198cce"
                                           "jepsen.generator.context$make_thread_filter$lazy_filter__9167@77198cce"],
                   :gen nil})
                 (jepsen.generator.OnThreads
                  {:f #jepsen.generator.context.AllBut{:element :nemesis},
                   :context-filter #object[jepsen.generator.context$make_thread_filter$lazy_filter__9167
                                           "0xe7b7395"
                                           "jepsen.generator.context$make_thread_filter$lazy_filter__9167@e7b7395"],
                   :gen (jepsen.generator.Stagger
                         {:dt 400000000,
                          :next-time nil,
                          :gen (jepsen.generator.EachThread
                                {:fresh-gen #object[maelstrom.workload.echo$workload$fn__16882
                                                    "0x383c94ed"
                                                    "maelstrom.workload.echo$workload$fn__16882@383c94ed"],
                                 :context-filters #object[clojure.core$promise$reify__8591
                                                          "0x293ccbdd"
                                                          {:status :pending,
                                                           :val nil}],
                                 :gens {}})})})]})})
 :log-net-recv false
 :os
 #object[maelstrom.net$jepsen_os$reify__15254
         "0x12f85dc8"
         "maelstrom.net$jepsen_os$reify__15254@12f85dc8"]
 :time-limit 10
 :workload :echo
 :consistency-models [:strict-serializable]
 :topology :grid}

2026-04-17 22:47:08,767{GMT}	INFO	[jepsen node n0] maelstrom.net: Starting Maelstrom network
2026-04-17 22:47:08,768{GMT}	INFO	[jepsen test runner] jepsen.db: Tearing down DB
2026-04-17 22:47:08,770{GMT}	INFO	[jepsen test runner] jepsen.db: Setting up DB
2026-04-17 22:47:08,771{GMT}	INFO	[jepsen node n0] maelstrom.service: Starting services: (lin-kv lin-tso lww-kv seq-kv)
2026-04-17 22:47:08,772{GMT}	INFO	[jepsen node n0] maelstrom.db: Setting up n0
2026-04-17 22:47:08,773{GMT}	INFO	[jepsen node n0] maelstrom.process: launching /home/neo/go/bin/maelstrom-echo []
2026-04-17 22:47:08,806{GMT}	INFO	[jepsen test runner] jepsen.core: Relative time begins now
2026-04-17 22:47:08,818{GMT}	INFO	[jepsen worker 0] jepsen.util: 0	:invoke	:echo	"Please echo 93"
2026-04-17 22:47:08,823{GMT}	INFO	[jepsen worker 0] jepsen.util: 0	:ok	:echo	{:echo "Please echo 93", :in_reply_to 1, :msg_id 1, :type "echo_ok"}
2026-04-17 22:47:09,059{GMT}	INFO	[jepsen worker 0] jepsen.util: 0	:invoke	:echo	"Please echo 49"
2026-04-17 22:47:09,061{GMT}	INFO	[jepsen worker 0] jepsen.util: 0	:ok	:echo	{:echo "Please echo 49", :in_reply_to 2, :msg_id 2, :type "echo_ok"}
2026-04-17 22:47:09,433{GMT}	INFO	[jepsen worker 0] jepsen.util: 0	:invoke	:echo	"Please echo 5"
2026-04-17 22:47:09,435{GMT}	INFO	[jepsen worker 0] jepsen.util: 0	:ok	:echo	{:echo "Please echo 5", :in_reply_to 3, :msg_id 3, :type "echo_ok"}
2026-04-17 22:47:09,736{GMT}	INFO	[jepsen worker 0] jepsen.util: 0	:invoke	:echo	"Please echo 127"
2026-04-17 22:47:09,737{GMT}	INFO	[jepsen worker 0] jepsen.util: 0	:ok	:echo	{:echo "Please echo 127", :in_reply_to 4, :msg_id 4, :type "echo_ok"}
2026-04-17 22:47:10,031{GMT}	INFO	[jepsen worker 0] jepsen.util: 0	:invoke	:echo	"Please echo 85"
2026-04-17 22:47:10,033{GMT}	INFO	[jepsen worker 0] jepsen.util: 0	:ok	:echo	{:echo "Please echo 85", :in_reply_to 5, :msg_id 5, :type "echo_ok"}
2026-04-17 22:47:10,139{GMT}	INFO	[jepsen worker 0] jepsen.util: 0	:invoke	:echo	"Please echo 19"
2026-04-17 22:47:10,142{GMT}	INFO	[jepsen worker 0] jepsen.util: 0	:ok	:echo	{:echo "Please echo 19", :in_reply_to 6, :msg_id 6, :type "echo_ok"}
2026-04-17 22:47:10,142{GMT}	INFO	[jepsen worker 0] jepsen.util: 0	:invoke	:echo	"Please echo 20"
2026-04-17 22:47:10,143{GMT}	INFO	[jepsen worker 0] jepsen.util: 0	:ok	:echo	{:echo "Please echo 20", :in_reply_to 7, :msg_id 7, :type "echo_ok"}
2026-04-17 22:47:10,329{GMT}	INFO	[jepsen worker 0] jepsen.util: 0	:invoke	:echo	"Please echo 22"
2026-04-17 22:47:10,331{GMT}	INFO	[jepsen worker 0] jepsen.util: 0	:ok	:echo	{:echo "Please echo 22", :in_reply_to 8, :msg_id 8, :type "echo_ok"}
2026-04-17 22:47:10,656{GMT}	INFO	[jepsen worker 0] jepsen.util: 0	:invoke	:echo	"Please echo 92"
2026-04-17 22:47:10,659{GMT}	INFO	[jepsen worker 0] jepsen.util: 0	:ok	:echo	{:echo "Please echo 92", :in_reply_to 9, :msg_id 9, :type "echo_ok"}
2026-04-17 22:47:10,780{GMT}	INFO	[jepsen worker 0] jepsen.util: 0	:invoke	:echo	"Please echo 36"
2026-04-17 22:47:10,783{GMT}	INFO	[jepsen worker 0] jepsen.util: 0	:ok	:echo	{:echo "Please echo 36", :in_reply_to 10, :msg_id 10, :type "echo_ok"}
2026-04-17 22:47:11,111{GMT}	INFO	[jepsen worker 0] jepsen.util: 0	:invoke	:echo	"Please echo 3"
2026-04-17 22:47:11,114{GMT}	INFO	[jepsen worker 0] jepsen.util: 0	:ok	:echo	{:echo "Please echo 3", :in_reply_to 11, :msg_id 11, :type "echo_ok"}
2026-04-17 22:47:11,459{GMT}	INFO	[jepsen worker 0] jepsen.util: 0	:invoke	:echo	"Please echo 6"
2026-04-17 22:47:11,462{GMT}	INFO	[jepsen worker 0] jepsen.util: 0	:ok	:echo	{:echo "Please echo 6", :in_reply_to 12, :msg_id 12, :type "echo_ok"}
2026-04-17 22:47:11,705{GMT}	INFO	[jepsen worker 0] jepsen.util: 0	:invoke	:echo	"Please echo 113"
2026-04-17 22:47:11,707{GMT}	INFO	[jepsen worker 0] jepsen.util: 0	:ok	:echo	{:echo "Please echo 113", :in_reply_to 13, :msg_id 13, :type "echo_ok"}
2026-04-17 22:47:11,914{GMT}	INFO	[jepsen worker 0] jepsen.util: 0	:invoke	:echo	"Please echo 14"
2026-04-17 22:47:11,916{GMT}	INFO	[jepsen worker 0] jepsen.util: 0	:ok	:echo	{:echo "Please echo 14", :in_reply_to 14, :msg_id 14, :type "echo_ok"}
2026-04-17 22:47:12,010{GMT}	INFO	[jepsen worker 0] jepsen.util: 0	:invoke	:echo	"Please echo 123"
2026-04-17 22:47:12,013{GMT}	INFO	[jepsen worker 0] jepsen.util: 0	:ok	:echo	{:echo "Please echo 123", :in_reply_to 15, :msg_id 15, :type "echo_ok"}
2026-04-17 22:47:12,025{GMT}	INFO	[jepsen worker 0] jepsen.util: 0	:invoke	:echo	"Please echo 91"
2026-04-17 22:47:12,027{GMT}	INFO	[jepsen worker 0] jepsen.util: 0	:ok	:echo	{:echo "Please echo 91", :in_reply_to 16, :msg_id 16, :type "echo_ok"}
2026-04-17 22:47:12,169{GMT}	INFO	[jepsen worker 0] jepsen.util: 0	:invoke	:echo	"Please echo 9"
2026-04-17 22:47:12,171{GMT}	INFO	[jepsen worker 0] jepsen.util: 0	:ok	:echo	{:echo "Please echo 9", :in_reply_to 17, :msg_id 17, :type "echo_ok"}
2026-04-17 22:47:12,432{GMT}	INFO	[jepsen worker 0] jepsen.util: 0	:invoke	:echo	"Please echo 21"
2026-04-17 22:47:12,435{GMT}	INFO	[jepsen worker 0] jepsen.util: 0	:ok	:echo	{:echo "Please echo 21", :in_reply_to 18, :msg_id 18, :type "echo_ok"}
2026-04-17 22:47:12,447{GMT}	INFO	[jepsen worker 0] jepsen.util: 0	:invoke	:echo	"Please echo 49"
2026-04-17 22:47:12,449{GMT}	INFO	[jepsen worker 0] jepsen.util: 0	:ok	:echo	{:echo "Please echo 49", :in_reply_to 19, :msg_id 19, :type "echo_ok"}
2026-04-17 22:47:12,554{GMT}	INFO	[jepsen worker 0] jepsen.util: 0	:invoke	:echo	"Please echo 75"
2026-04-17 22:47:12,556{GMT}	INFO	[jepsen worker 0] jepsen.util: 0	:ok	:echo	{:echo "Please echo 75", :in_reply_to 20, :msg_id 20, :type "echo_ok"}
2026-04-17 22:47:12,761{GMT}	INFO	[jepsen worker 0] jepsen.util: 0	:invoke	:echo	"Please echo 3"
2026-04-17 22:47:12,763{GMT}	INFO	[jepsen worker 0] jepsen.util: 0	:ok	:echo	{:echo "Please echo 3", :in_reply_to 21, :msg_id 21, :type "echo_ok"}
2026-04-17 22:47:12,966{GMT}	INFO	[jepsen worker 0] jepsen.util: 0	:invoke	:echo	"Please echo 111"
2026-04-17 22:47:12,969{GMT}	INFO	[jepsen worker 0] jepsen.util: 0	:ok	:echo	{:echo "Please echo 111", :in_reply_to 22, :msg_id 22, :type "echo_ok"}
2026-04-17 22:47:13,303{GMT}	INFO	[jepsen worker 0] jepsen.util: 0	:invoke	:echo	"Please echo 25"
2026-04-17 22:47:13,305{GMT}	INFO	[jepsen worker 0] jepsen.util: 0	:ok	:echo	{:echo "Please echo 25", :in_reply_to 23, :msg_id 23, :type "echo_ok"}
2026-04-17 22:47:13,545{GMT}	INFO	[jepsen worker 0] jepsen.util: 0	:invoke	:echo	"Please echo 15"
2026-04-17 22:47:13,548{GMT}	INFO	[jepsen worker 0] jepsen.util: 0	:ok	:echo	{:echo "Please echo 15", :in_reply_to 24, :msg_id 24, :type "echo_ok"}
2026-04-17 22:47:13,801{GMT}	INFO	[jepsen worker 0] jepsen.util: 0	:invoke	:echo	"Please echo 13"
2026-04-17 22:47:13,803{GMT}	INFO	[jepsen worker 0] jepsen.util: 0	:ok	:echo	{:echo "Please echo 13", :in_reply_to 25, :msg_id 25, :type "echo_ok"}
2026-04-17 22:47:13,867{GMT}	INFO	[jepsen worker 0] jepsen.util: 0	:invoke	:echo	"Please echo 77"
2026-04-17 22:47:13,870{GMT}	INFO	[jepsen worker 0] jepsen.util: 0	:ok	:echo	{:echo "Please echo 77", :in_reply_to 26, :msg_id 26, :type "echo_ok"}
2026-04-17 22:47:14,023{GMT}	INFO	[jepsen worker 0] jepsen.util: 0	:invoke	:echo	"Please echo 24"
2026-04-17 22:47:14,025{GMT}	INFO	[jepsen worker 0] jepsen.util: 0	:ok	:echo	{:echo "Please echo 24", :in_reply_to 27, :msg_id 27, :type "echo_ok"}
2026-04-17 22:47:14,255{GMT}	INFO	[jepsen worker 0] jepsen.util: 0	:invoke	:echo	"Please echo 118"
2026-04-17 22:47:14,257{GMT}	INFO	[jepsen worker 0] jepsen.util: 0	:ok	:echo	{:echo "Please echo 118", :in_reply_to 28, :msg_id 28, :type "echo_ok"}
2026-04-17 22:47:14,610{GMT}	INFO	[jepsen worker 0] jepsen.util: 0	:invoke	:echo	"Please echo 59"
2026-04-17 22:47:14,612{GMT}	INFO	[jepsen worker 0] jepsen.util: 0	:ok	:echo	{:echo "Please echo 59", :in_reply_to 29, :msg_id 29, :type "echo_ok"}
2026-04-17 22:47:14,671{GMT}	INFO	[jepsen worker 0] jepsen.util: 0	:invoke	:echo	"Please echo 93"
2026-04-17 22:47:14,673{GMT}	INFO	[jepsen worker 0] jepsen.util: 0	:ok	:echo	{:echo "Please echo 93", :in_reply_to 30, :msg_id 30, :type "echo_ok"}
2026-04-17 22:47:14,711{GMT}	INFO	[jepsen worker 0] jepsen.util: 0	:invoke	:echo	"Please echo 118"
2026-04-17 22:47:14,713{GMT}	INFO	[jepsen worker 0] jepsen.util: 0	:ok	:echo	{:echo "Please echo 118", :in_reply_to 31, :msg_id 31, :type "echo_ok"}
2026-04-17 22:47:14,932{GMT}	INFO	[jepsen worker 0] jepsen.util: 0	:invoke	:echo	"Please echo 91"
2026-04-17 22:47:14,935{GMT}	INFO	[jepsen worker 0] jepsen.util: 0	:ok	:echo	{:echo "Please echo 91", :in_reply_to 32, :msg_id 32, :type "echo_ok"}
2026-04-17 22:47:14,935{GMT}	INFO	[jepsen worker 0] jepsen.util: 0	:invoke	:echo	"Please echo 33"
2026-04-17 22:47:14,936{GMT}	INFO	[jepsen worker 0] jepsen.util: 0	:ok	:echo	{:echo "Please echo 33", :in_reply_to 33, :msg_id 33, :type "echo_ok"}
2026-04-17 22:47:15,221{GMT}	INFO	[jepsen worker 0] jepsen.util: 0	:invoke	:echo	"Please echo 117"
2026-04-17 22:47:15,224{GMT}	INFO	[jepsen worker 0] jepsen.util: 0	:ok	:echo	{:echo "Please echo 117", :in_reply_to 34, :msg_id 34, :type "echo_ok"}
2026-04-17 22:47:15,246{GMT}	INFO	[jepsen worker 0] jepsen.util: 0	:invoke	:echo	"Please echo 73"
2026-04-17 22:47:15,248{GMT}	INFO	[jepsen worker 0] jepsen.util: 0	:ok	:echo	{:echo "Please echo 73", :in_reply_to 35, :msg_id 35, :type "echo_ok"}
2026-04-17 22:47:15,460{GMT}	INFO	[jepsen worker 0] jepsen.util: 0	:invoke	:echo	"Please echo 104"
2026-04-17 22:47:15,462{GMT}	INFO	[jepsen worker 0] jepsen.util: 0	:ok	:echo	{:echo "Please echo 104", :in_reply_to 36, :msg_id 36, :type "echo_ok"}
2026-04-17 22:47:15,705{GMT}	INFO	[jepsen worker 0] jepsen.util: 0	:invoke	:echo	"Please echo 34"
2026-04-17 22:47:15,706{GMT}	INFO	[jepsen worker 0] jepsen.util: 0	:ok	:echo	{:echo "Please echo 34", :in_reply_to 37, :msg_id 37, :type "echo_ok"}
2026-04-17 22:47:15,949{GMT}	INFO	[jepsen worker 0] jepsen.util: 0	:invoke	:echo	"Please echo 34"
2026-04-17 22:47:15,952{GMT}	INFO	[jepsen worker 0] jepsen.util: 0	:ok	:echo	{:echo "Please echo 34", :in_reply_to 38, :msg_id 38, :type "echo_ok"}
2026-04-17 22:47:15,955{GMT}	INFO	[jepsen worker 0] jepsen.util: 0	:invoke	:echo	"Please echo 82"
2026-04-17 22:47:15,957{GMT}	INFO	[jepsen worker 0] jepsen.util: 0	:ok	:echo	{:echo "Please echo 82", :in_reply_to 39, :msg_id 39, :type "echo_ok"}
2026-04-17 22:47:16,024{GMT}	INFO	[jepsen worker 0] jepsen.util: 0	:invoke	:echo	"Please echo 33"
2026-04-17 22:47:16,027{GMT}	INFO	[jepsen worker 0] jepsen.util: 0	:ok	:echo	{:echo "Please echo 33", :in_reply_to 40, :msg_id 40, :type "echo_ok"}
2026-04-17 22:47:16,170{GMT}	INFO	[jepsen worker 0] jepsen.util: 0	:invoke	:echo	"Please echo 45"
2026-04-17 22:47:16,172{GMT}	INFO	[jepsen worker 0] jepsen.util: 0	:ok	:echo	{:echo "Please echo 45", :in_reply_to 41, :msg_id 41, :type "echo_ok"}
2026-04-17 22:47:16,255{GMT}	INFO	[jepsen worker 0] jepsen.util: 0	:invoke	:echo	"Please echo 75"
2026-04-17 22:47:16,258{GMT}	INFO	[jepsen worker 0] jepsen.util: 0	:ok	:echo	{:echo "Please echo 75", :in_reply_to 42, :msg_id 42, :type "echo_ok"}
2026-04-17 22:47:16,635{GMT}	INFO	[jepsen worker 0] jepsen.util: 0	:invoke	:echo	"Please echo 61"
2026-04-17 22:47:16,637{GMT}	INFO	[jepsen worker 0] jepsen.util: 0	:ok	:echo	{:echo "Please echo 61", :in_reply_to 43, :msg_id 43, :type "echo_ok"}
2026-04-17 22:47:16,713{GMT}	INFO	[jepsen worker 0] jepsen.util: 0	:invoke	:echo	"Please echo 103"
2026-04-17 22:47:16,715{GMT}	INFO	[jepsen worker 0] jepsen.util: 0	:ok	:echo	{:echo "Please echo 103", :in_reply_to 44, :msg_id 44, :type "echo_ok"}
2026-04-17 22:47:16,850{GMT}	INFO	[jepsen worker 0] jepsen.util: 0	:invoke	:echo	"Please echo 123"
2026-04-17 22:47:16,852{GMT}	INFO	[jepsen worker 0] jepsen.util: 0	:ok	:echo	{:echo "Please echo 123", :in_reply_to 45, :msg_id 45, :type "echo_ok"}
2026-04-17 22:47:17,206{GMT}	INFO	[jepsen worker 0] jepsen.util: 0	:invoke	:echo	"Please echo 52"
2026-04-17 22:47:17,208{GMT}	INFO	[jepsen worker 0] jepsen.util: 0	:ok	:echo	{:echo "Please echo 52", :in_reply_to 46, :msg_id 46, :type "echo_ok"}
2026-04-17 22:47:17,512{GMT}	INFO	[jepsen worker 0] jepsen.util: 0	:invoke	:echo	"Please echo 0"
2026-04-17 22:47:17,514{GMT}	INFO	[jepsen worker 0] jepsen.util: 0	:ok	:echo	{:echo "Please echo 0", :in_reply_to 47, :msg_id 47, :type "echo_ok"}
2026-04-17 22:47:17,751{GMT}	INFO	[jepsen worker 0] jepsen.util: 0	:invoke	:echo	"Please echo 46"
2026-04-17 22:47:17,752{GMT}	INFO	[jepsen worker 0] jepsen.util: 0	:ok	:echo	{:echo "Please echo 46", :in_reply_to 48, :msg_id 48, :type "echo_ok"}
2026-04-17 22:47:17,942{GMT}	INFO	[jepsen worker 0] jepsen.util: 0	:invoke	:echo	"Please echo 21"
2026-04-17 22:47:17,943{GMT}	INFO	[jepsen worker 0] jepsen.util: 0	:ok	:echo	{:echo "Please echo 21", :in_reply_to 49, :msg_id 49, :type "echo_ok"}
2026-04-17 22:47:18,052{GMT}	INFO	[jepsen worker 0] jepsen.util: 0	:invoke	:echo	"Please echo 3"
2026-04-17 22:47:18,054{GMT}	INFO	[jepsen worker 0] jepsen.util: 0	:ok	:echo	{:echo "Please echo 3", :in_reply_to 50, :msg_id 50, :type "echo_ok"}
2026-04-17 22:47:18,072{GMT}	INFO	[jepsen worker 0] jepsen.util: 0	:invoke	:echo	"Please echo 79"
2026-04-17 22:47:18,074{GMT}	INFO	[jepsen worker 0] jepsen.util: 0	:ok	:echo	{:echo "Please echo 79", :in_reply_to 51, :msg_id 51, :type "echo_ok"}
2026-04-17 22:47:18,276{GMT}	INFO	[jepsen worker 0] jepsen.util: 0	:invoke	:echo	"Please echo 116"
2026-04-17 22:47:18,278{GMT}	INFO	[jepsen worker 0] jepsen.util: 0	:ok	:echo	{:echo "Please echo 116", :in_reply_to 52, :msg_id 52, :type "echo_ok"}
2026-04-17 22:47:18,384{GMT}	INFO	[jepsen worker 0] jepsen.util: 0	:invoke	:echo	"Please echo 81"
2026-04-17 22:47:18,386{GMT}	INFO	[jepsen worker 0] jepsen.util: 0	:ok	:echo	{:echo "Please echo 81", :in_reply_to 53, :msg_id 53, :type "echo_ok"}
2026-04-17 22:47:18,653{GMT}	INFO	[jepsen worker 0] jepsen.util: 0	:invoke	:echo	"Please echo 49"
2026-04-17 22:47:18,655{GMT}	INFO	[jepsen worker 0] jepsen.util: 0	:ok	:echo	{:echo "Please echo 49", :in_reply_to 54, :msg_id 54, :type "echo_ok"}
2026-04-17 22:47:18,669{GMT}	INFO	[jepsen test runner] jepsen.core: Run complete, writing
2026-04-17 22:47:18,744{GMT}	INFO	[jepsen node n0] maelstrom.db: Tearing down n0
2026-04-17 22:47:19,778{GMT}	INFO	[jepsen node n0] maelstrom.net: Shutting down Maelstrom network
2026-04-17 22:47:19,779{GMT}	INFO	[jepsen test runner] jepsen.core: Analyzing...
2026-04-17 22:47:20,019{GMT}	INFO	[jepsen test runner] jepsen.core: Analysis complete
2026-04-17 22:47:20,028{GMT}	INFO	[jepsen results] jepsen.store: Wrote /home/neo/dev/gossip-glomers/maelstrom-echo/store/echo/20260417T224707.370-0700/results.edn
2026-04-17 22:47:20,037{GMT}	INFO	[jepsen test runner] jepsen.core: {:perf {:latency-graph {:valid? true},
        :rate-graph {:valid? true},
        :valid? true},
 :timeline {:valid? true},
 :exceptions {:valid? true},
 :stats {:valid? true,
         :count 54,
         :ok-count 54,
         :fail-count 0,
         :info-count 0,
         :by-f {:echo {:valid? true,
                       :count 54,
                       :ok-count 54,
                       :fail-count 0,
                       :info-count 0}}},
 :availability {:valid? true, :ok-fraction 1.0},
 :net {:all {:send-count 110,
             :recv-count 110,
             :msg-count 110,
             :msgs-per-op 2.0370371},
       :clients {:send-count 110, :recv-count 110, :msg-count 110},
       :servers {:send-count 0,
                 :recv-count 0,
                 :msg-count 0,
                 :msgs-per-op 0.0},
       :valid? true},
 :workload {:valid? true, :errors ()},
 :valid? true}


Everything looks good! ヽ(‘ー`)ノ
